2021-02-13T06:09:59.039597Z 0 [Warning] TIMESTAMP with implicit DEFAULT value is deprecated. Please use --explicit_defaults_for_timestamp server option (see documentation for more details).
2021-02-13T06:09:59.049895Z 0 [Warning] Setting lower_case_table_names=2 because file system for /var/lib/mysql/ is case insensitive
2021-02-13T06:10:00.373514Z 0 [Warning] InnoDB: New log files created, LSN=45790
2021-02-13T06:10:00.602572Z 0 [Warning] InnoDB: Creating foreign key constraint system tables.
2021-02-13T06:10:00.672465Z 0 [Warning] No existing UUID has been found, so we assume that this is the first time that this server has been started. Generating a new UUID: 1add4712-6dc2-11eb-a046-0242ac130002.
2021-02-13T06:10:00.677825Z 0 [Warning] Gtid table is not ready to be used. Table 'mysql.gtid_executed' cannot be opened.
2021-02-13T06:10:01.387629Z 0 [Warning] CA certificate ca.pem is self signed.
2021-02-13T06:10:01.598487Z 1 [Warning] root@localhost is created with an empty password ! Please consider switching off the --initialize-insecure option.
2021-02-13T06:10:08.829527Z 0 [Warning] TIMESTAMP with implicit DEFAULT value is deprecated. Please use --explicit_defaults_for_timestamp server option (see documentation for more details).
2021-02-13T06:10:08.835970Z 0 [Note] mysqld (mysqld 5.7.32) starting as process 81 ...
2021-02-13T06:10:08.842216Z 0 [Warning] Setting lower_case_table_names=2 because file system for /var/lib/mysql/ is case insensitive
2021-02-13T06:10:08.846031Z 0 [Note] InnoDB: PUNCH HOLE support available
2021-02-13T06:10:08.846599Z 0 [Note] InnoDB: Mutexes and rw_locks use GCC atomic builtins
2021-02-13T06:10:08.847161Z 0 [Note] InnoDB: Uses event mutexes
2021-02-13T06:10:08.847793Z 0 [Note] InnoDB: GCC builtin __atomic_thread_fence() is used for memory barrier
2021-02-13T06:10:08.848455Z 0 [Note] InnoDB: Compressed tables use zlib 1.2.11
2021-02-13T06:10:08.849075Z 0 [Note] InnoDB: Using Linux native AIO
2021-02-13T06:10:08.849776Z 0 [Note] InnoDB: Number of pools: 1
2021-02-13T06:10:08.850540Z 0 [Note] InnoDB: Using CPU crc32 instructions
2021-02-13T06:10:08.852205Z 0 [Note] InnoDB: Initializing buffer pool, total size = 128M, instances = 1, chunk size = 128M
2021-02-13T06:10:08.861577Z 0 [Note] InnoDB: Completed initialization of buffer pool
2021-02-13T06:10:08.864213Z 0 [Note] InnoDB: If the mysqld execution user is authorized, page cleaner thread priority can be changed. See the man page of setpriority().
2021-02-13T06:10:08.906658Z 0 [Note] InnoDB: Highest supported file format is Barracuda.
2021-02-13T06:10:08.994735Z 0 [Note] InnoDB: Creating shared tablespace for temporary tables
2021-02-13T06:10:08.997515Z 0 [Note] InnoDB: Setting file './ibtmp1' size to 12 MB. Physically writing the file full; Please wait ...
2021-02-13T06:10:09.109075Z 0 [Note] InnoDB: File './ibtmp1' size is now 12 MB.
2021-02-13T06:10:09.113946Z 0 [Note] InnoDB: 96 redo rollback segment(s) found. 96 redo rollback segment(s) are active.
2021-02-13T06:10:09.114423Z 0 [Note] InnoDB: 32 non-redo rollback segment(s) are active.
2021-02-13T06:10:09.115562Z 0 [Note] InnoDB: Waiting for purge to start
2021-02-13T06:10:09.166847Z 0 [Note] InnoDB: 5.7.32 started; log sequence number 2748001
2021-02-13T06:10:09.167982Z 0 [Note] InnoDB: Loading buffer pool(s) from /var/lib/mysql/ib_buffer_pool
2021-02-13T06:10:09.168212Z 0 [Note] Plugin 'FEDERATED' is disabled.
2021-02-13T06:10:09.217918Z 0 [Note] Found ca.pem, server-cert.pem and server-key.pem in data directory. Trying to enable SSL support using them.
2021-02-13T06:10:09.218754Z 0 [Note] Skipping generation of SSL certificates as certificate files are present in data directory.
2021-02-13T06:10:09.223773Z 0 [Note] InnoDB: Buffer pool(s) load completed at 210213 15:10:09
2021-02-13T06:10:09.227005Z 0 [Warning] CA certificate ca.pem is self signed.
2021-02-13T06:10:09.227584Z 0 [Note] Skipping generation of RSA key pair as key files are present in data directory.
2021-02-13T06:10:09.232793Z 0 [Warning] Insecure configuration for --pid-file: Location '/var/run/mysqld' in the path is accessible to all OS users. Consider choosing a different directory.
2021-02-13T06:10:09.445965Z 0 [Note] Event Scheduler: Loaded 0 events
2021-02-13T06:10:09.446873Z 0 [Note] mysqld: ready for connections.
Version: '5.7.32'  socket: '/var/run/mysqld/mysqld.sock'  port: 0  MySQL Community Server (GPL)
2021-02-13T06:10:12.767350Z 0 [Note] Giving 0 client threads a chance to die gracefully
2021-02-13T06:10:12.767897Z 0 [Note] Shutting down slave threads
2021-02-13T06:10:12.768399Z 0 [Note] Forcefully disconnecting 0 remaining clients
2021-02-13T06:10:12.768920Z 0 [Note] Event Scheduler: Purging the queue. 0 events
2021-02-13T06:10:12.769555Z 0 [Note] Binlog end
2021-02-13T06:10:12.773442Z 0 [Note] Shutting down plugin 'ngram'
2021-02-13T06:10:12.773961Z 0 [Note] Shutting down plugin 'partition'
2021-02-13T06:10:12.774499Z 0 [Note] Shutting down plugin 'BLACKHOLE'
2021-02-13T06:10:12.774915Z 0 [Note] Shutting down plugin 'ARCHIVE'
2021-02-13T06:10:12.775372Z 0 [Note] Shutting down plugin 'PERFORMANCE_SCHEMA'
2021-02-13T06:10:12.775778Z 0 [Note] Shutting down plugin 'MRG_MYISAM'
2021-02-13T06:10:12.776213Z 0 [Note] Shutting down plugin 'MyISAM'
2021-02-13T06:10:12.776633Z 0 [Note] Shutting down plugin 'INNODB_SYS_VIRTUAL'
2021-02-13T06:10:12.777036Z 0 [Note] Shutting down plugin 'INNODB_SYS_DATAFILES'
2021-02-13T06:10:12.777426Z 0 [Note] Shutting down plugin 'INNODB_SYS_TABLESPACES'
2021-02-13T06:10:12.777874Z 0 [Note] Shutting down plugin 'INNODB_SYS_FOREIGN_COLS'
2021-02-13T06:10:12.778377Z 0 [Note] Shutting down plugin 'INNODB_SYS_FOREIGN'
2021-02-13T06:10:12.778991Z 0 [Note] Shutting down plugin 'INNODB_SYS_FIELDS'
2021-02-13T06:10:12.779515Z 0 [Note] Shutting down plugin 'INNODB_SYS_COLUMNS'
2021-02-13T06:10:12.780054Z 0 [Note] Shutting down plugin 'INNODB_SYS_INDEXES'
2021-02-13T06:10:12.780539Z 0 [Note] Shutting down plugin 'INNODB_SYS_TABLESTATS'
2021-02-13T06:10:12.780999Z 0 [Note] Shutting down plugin 'INNODB_SYS_TABLES'
2021-02-13T06:10:12.781450Z 0 [Note] Shutting down plugin 'INNODB_FT_INDEX_TABLE'
2021-02-13T06:10:12.781888Z 0 [Note] Shutting down plugin 'INNODB_FT_INDEX_CACHE'
2021-02-13T06:10:12.782348Z 0 [Note] Shutting down plugin 'INNODB_FT_CONFIG'
2021-02-13T06:10:12.782768Z 0 [Note] Shutting down plugin 'INNODB_FT_BEING_DELETED'
2021-02-13T06:10:12.783182Z 0 [Note] Shutting down plugin 'INNODB_FT_DELETED'
2021-02-13T06:10:12.783591Z 0 [Note] Shutting down plugin 'INNODB_FT_DEFAULT_STOPWORD'
2021-02-13T06:10:12.784024Z 0 [Note] Shutting down plugin 'INNODB_METRICS'
2021-02-13T06:10:12.784530Z 0 [Note] Shutting down plugin 'INNODB_TEMP_TABLE_INFO'
2021-02-13T06:10:12.784983Z 0 [Note] Shutting down plugin 'INNODB_BUFFER_POOL_STATS'
2021-02-13T06:10:12.785565Z 0 [Note] Shutting down plugin 'INNODB_BUFFER_PAGE_LRU'
2021-02-13T06:10:12.786085Z 0 [Note] Shutting down plugin 'INNODB_BUFFER_PAGE'
2021-02-13T06:10:12.786528Z 0 [Note] Shutting down plugin 'INNODB_CMP_PER_INDEX_RESET'
2021-02-13T06:10:12.786986Z 0 [Note] Shutting down plugin 'INNODB_CMP_PER_INDEX'
2021-02-13T06:10:12.787510Z 0 [Note] Shutting down plugin 'INNODB_CMPMEM_RESET'
2021-02-13T06:10:12.787935Z 0 [Note] Shutting down plugin 'INNODB_CMPMEM'
2021-02-13T06:10:12.788367Z 0 [Note] Shutting down plugin 'INNODB_CMP_RESET'
2021-02-13T06:10:12.788858Z 0 [Note] Shutting down plugin 'INNODB_CMP'
2021-02-13T06:10:12.789329Z 0 [Note] Shutting down plugin 'INNODB_LOCK_WAITS'
2021-02-13T06:10:12.789805Z 0 [Note] Shutting down plugin 'INNODB_LOCKS'
2021-02-13T06:10:12.790328Z 0 [Note] Shutting down plugin 'INNODB_TRX'
2021-02-13T06:10:12.790804Z 0 [Note] Shutting down plugin 'InnoDB'
2021-02-13T06:10:12.791548Z 0 [Note] InnoDB: FTS optimize thread exiting.
2021-02-13T06:10:12.792250Z 0 [Note] InnoDB: Starting shutdown...
2021-02-13T06:10:12.894115Z 0 [Note] InnoDB: Dumping buffer pool(s) to /var/lib/mysql/ib_buffer_pool
2021-02-13T06:10:12.903424Z 0 [Note] InnoDB: Buffer pool(s) dump completed at 210213 15:10:12
2021-02-13T06:10:14.110714Z 0 [Note] InnoDB: Shutdown completed; log sequence number 12606312
2021-02-13T06:10:14.113996Z 0 [Note] InnoDB: Removed temporary tablespace data file: "ibtmp1"
2021-02-13T06:10:14.114801Z 0 [Note] Shutting down plugin 'MEMORY'
2021-02-13T06:10:14.115637Z 0 [Note] Shutting down plugin 'CSV'
2021-02-13T06:10:14.116516Z 0 [Note] Shutting down plugin 'sha256_password'
2021-02-13T06:10:14.117230Z 0 [Note] Shutting down plugin 'mysql_native_password'
2021-02-13T06:10:14.118052Z 0 [Note] Shutting down plugin 'binlog'
2021-02-13T06:10:14.121726Z 0 [Note] mysqld: Shutdown complete

2021-02-13T06:10:14.953317Z 0 [Warning] TIMESTAMP with implicit DEFAULT value is deprecated. Please use --explicit_defaults_for_timestamp server option (see documentation for more details).
2021-02-13T06:10:14.960474Z 0 [Note] mysqld (mysqld 5.7.32) starting as process 1 ...
2021-02-13T06:10:14.966690Z 0 [Warning] Setting lower_case_table_names=2 because file system for /var/lib/mysql/ is case insensitive
2021-02-13T06:10:14.971216Z 0 [Note] InnoDB: PUNCH HOLE support available
2021-02-13T06:10:14.971922Z 0 [Note] InnoDB: Mutexes and rw_locks use GCC atomic builtins
2021-02-13T06:10:14.972516Z 0 [Note] InnoDB: Uses event mutexes
2021-02-13T06:10:14.973078Z 0 [Note] InnoDB: GCC builtin __atomic_thread_fence() is used for memory barrier
2021-02-13T06:10:14.973722Z 0 [Note] InnoDB: Compressed tables use zlib 1.2.11
2021-02-13T06:10:14.974209Z 0 [Note] InnoDB: Using Linux native AIO
2021-02-13T06:10:14.975021Z 0 [Note] InnoDB: Number of pools: 1
2021-02-13T06:10:14.975791Z 0 [Note] InnoDB: Using CPU crc32 instructions
2021-02-13T06:10:14.977610Z 0 [Note] InnoDB: Initializing buffer pool, total size = 128M, instances = 1, chunk size = 128M
2021-02-13T06:10:14.987005Z 0 [Note] InnoDB: Completed initialization of buffer pool
2021-02-13T06:10:14.989730Z 0 [Note] InnoDB: If the mysqld execution user is authorized, page cleaner thread priority can be changed. See the man page of setpriority().
2021-02-13T06:10:15.031412Z 0 [Note] InnoDB: Highest supported file format is Barracuda.
2021-02-13T06:10:15.105422Z 0 [Note] InnoDB: Creating shared tablespace for temporary tables
2021-02-13T06:10:15.108500Z 0 [Note] InnoDB: Setting file './ibtmp1' size to 12 MB. Physically writing the file full; Please wait ...
2021-02-13T06:10:15.206532Z 0 [Note] InnoDB: File './ibtmp1' size is now 12 MB.
2021-02-13T06:10:15.210898Z 0 [Note] InnoDB: 96 redo rollback segment(s) found. 96 redo rollback segment(s) are active.
2021-02-13T06:10:15.211488Z 0 [Note] InnoDB: 32 non-redo rollback segment(s) are active.
2021-02-13T06:10:15.212772Z 0 [Note] InnoDB: Waiting for purge to start
2021-02-13T06:10:15.263882Z 0 [Note] InnoDB: 5.7.32 started; log sequence number 12606312
2021-02-13T06:10:15.264836Z 0 [Note] InnoDB: Loading buffer pool(s) from /var/lib/mysql/ib_buffer_pool
2021-02-13T06:10:15.265216Z 0 [Note] Plugin 'FEDERATED' is disabled.
2021-02-13T06:10:15.285485Z 0 [Note] Found ca.pem, server-cert.pem and server-key.pem in data directory. Trying to enable SSL support using them.
2021-02-13T06:10:15.286001Z 0 [Note] Skipping generation of SSL certificates as certificate files are present in data directory.
2021-02-13T06:10:15.289770Z 0 [Warning] CA certificate ca.pem is self signed.
2021-02-13T06:10:15.290194Z 0 [Note] Skipping generation of RSA key pair as key files are present in data directory.
2021-02-13T06:10:15.292566Z 0 [Note] Server hostname (bind-address): '*'; port: 3306
2021-02-13T06:10:15.293194Z 0 [Note] IPv6 is available.
2021-02-13T06:10:15.294031Z 0 [Note]   - '::' resolves to '::';
2021-02-13T06:10:15.294794Z 0 [Note] Server socket created on IP: '::'.
2021-02-13T06:10:15.297951Z 0 [Warning] Insecure configuration for --pid-file: Location '/var/run/mysqld' in the path is accessible to all OS users. Consider choosing a different directory.
2021-02-13T06:10:15.326117Z 0 [Note] InnoDB: Buffer pool(s) load completed at 210213 15:10:15
2021-02-13T06:10:15.528419Z 0 [Note] Event Scheduler: Loaded 0 events
2021-02-13T06:10:15.529267Z 0 [Note] mysqld: ready for connections.
Version: '5.7.32'  socket: '/var/run/mysqld/mysqld.sock'  port: 3306  MySQL Community Server (GPL)
2021-02-13T06:10:18.720645Z 0 [Note] Giving 0 client threads a chance to die gracefully
2021-02-13T06:10:18.722010Z 0 [Note] Shutting down slave threads
2021-02-13T06:10:18.723146Z 0 [Note] Forcefully disconnecting 0 remaining clients
2021-02-13T06:10:18.723903Z 0 [Note] Event Scheduler: Purging the queue. 0 events
2021-02-13T06:10:18.724828Z 0 [Note] Binlog end
2021-02-13T06:10:18.725905Z 0 [Note] Shutting down plugin 'ngram'
2021-02-13T06:10:18.726905Z 0 [Note] Shutting down plugin 'partition'
2021-02-13T06:10:18.727598Z 0 [Note] Shutting down plugin 'BLACKHOLE'
2021-02-13T06:10:18.728123Z 0 [Note] Shutting down plugin 'ARCHIVE'
2021-02-13T06:10:18.728758Z 0 [Note] Shutting down plugin 'PERFORMANCE_SCHEMA'
2021-02-13T06:10:18.729381Z 0 [Note] Shutting down plugin 'MRG_MYISAM'
2021-02-13T06:10:18.729841Z 0 [Note] Shutting down plugin 'MyISAM'
2021-02-13T06:10:18.730477Z 0 [Note] Shutting down plugin 'INNODB_SYS_VIRTUAL'
2021-02-13T06:10:18.731020Z 0 [Note] Shutting down plugin 'INNODB_SYS_DATAFILES'
2021-02-13T06:10:18.731682Z 0 [Note] Shutting down plugin 'INNODB_SYS_TABLESPACES'
2021-02-13T06:10:18.732320Z 0 [Note] Shutting down plugin 'INNODB_SYS_FOREIGN_COLS'
2021-02-13T06:10:18.732777Z 0 [Note] Shutting down plugin 'INNODB_SYS_FOREIGN'
2021-02-13T06:10:18.733471Z 0 [Note] Shutting down plugin 'INNODB_SYS_FIELDS'
2021-02-13T06:10:18.733983Z 0 [Note] Shutting down plugin 'INNODB_SYS_COLUMNS'
2021-02-13T06:10:18.734703Z 0 [Note] Shutting down plugin 'INNODB_SYS_INDEXES'
2021-02-13T06:10:18.735257Z 0 [Note] Shutting down plugin 'INNODB_SYS_TABLESTATS'
2021-02-13T06:10:18.735704Z 0 [Note] Shutting down plugin 'INNODB_SYS_TABLES'
2021-02-13T06:10:18.736284Z 0 [Note] Shutting down plugin 'INNODB_FT_INDEX_TABLE'
2021-02-13T06:10:18.736911Z 0 [Note] Shutting down plugin 'INNODB_FT_INDEX_CACHE'
2021-02-13T06:10:18.737568Z 0 [Note] Shutting down plugin 'INNODB_FT_CONFIG'
2021-02-13T06:10:18.738149Z 0 [Note] Shutting down plugin 'INNODB_FT_BEING_DELETED'
2021-02-13T06:10:18.738770Z 0 [Note] Shutting down plugin 'INNODB_FT_DELETED'
2021-02-13T06:10:18.739308Z 0 [Note] Shutting down plugin 'INNODB_FT_DEFAULT_STOPWORD'
2021-02-13T06:10:18.739810Z 0 [Note] Shutting down plugin 'INNODB_METRICS'
2021-02-13T06:10:18.740386Z 0 [Note] Shutting down plugin 'INNODB_TEMP_TABLE_INFO'
2021-02-13T06:10:18.740976Z 0 [Note] Shutting down plugin 'INNODB_BUFFER_POOL_STATS'
2021-02-13T06:10:18.741597Z 0 [Note] Shutting down plugin 'INNODB_BUFFER_PAGE_LRU'
2021-02-13T06:10:18.742178Z 0 [Note] Shutting down plugin 'INNODB_BUFFER_PAGE'
2021-02-13T06:10:18.742772Z 0 [Note] Shutting down plugin 'INNODB_CMP_PER_INDEX_RESET'
2021-02-13T06:10:18.743259Z 0 [Note] Shutting down plugin 'INNODB_CMP_PER_INDEX'
2021-02-13T06:10:18.743768Z 0 [Note] Shutting down plugin 'INNODB_CMPMEM_RESET'
2021-02-13T06:10:18.744385Z 0 [Note] Shutting down plugin 'INNODB_CMPMEM'
2021-02-13T06:10:18.744946Z 0 [Note] Shutting down plugin 'INNODB_CMP_RESET'
2021-02-13T06:10:18.745470Z 0 [Note] Shutting down plugin 'INNODB_CMP'
2021-02-13T06:10:18.745999Z 0 [Note] Shutting down plugin 'INNODB_LOCK_WAITS'
2021-02-13T06:10:18.746508Z 0 [Note] Shutting down plugin 'INNODB_LOCKS'
2021-02-13T06:10:18.747026Z 0 [Note] Shutting down plugin 'INNODB_TRX'
2021-02-13T06:10:18.747499Z 0 [Note] Shutting down plugin 'InnoDB'
2021-02-13T06:10:18.748148Z 0 [Note] InnoDB: FTS optimize thread exiting.
2021-02-13T06:10:18.748976Z 0 [Note] InnoDB: Starting shutdown...
2021-02-13T06:10:18.851922Z 0 [Note] InnoDB: Dumping buffer pool(s) to /var/lib/mysql/ib_buffer_pool
2021-02-13T06:10:18.858171Z 0 [Note] InnoDB: Buffer pool(s) dump completed at 210213 15:10:18
2021-02-13T06:10:20.090105Z 0 [Note] InnoDB: Shutdown completed; log sequence number 12606340
2021-02-13T06:10:20.093641Z 0 [Note] InnoDB: Removed temporary tablespace data file: "ibtmp1"
2021-02-13T06:10:20.095090Z 0 [Note] Shutting down plugin 'MEMORY'
2021-02-13T06:10:20.095975Z 0 [Note] Shutting down plugin 'CSV'
2021-02-13T06:10:20.096856Z 0 [Note] Shutting down plugin 'sha256_password'
2021-02-13T06:10:20.097805Z 0 [Note] Shutting down plugin 'mysql_native_password'
2021-02-13T06:10:20.098583Z 0 [Note] Shutting down plugin 'binlog'
2021-02-13T06:10:20.102329Z 0 [Note] mysqld: Shutdown complete

2021-02-19T00:00:01.539267Z 0 [Warning] TIMESTAMP with implicit DEFAULT value is deprecated. Please use --explicit_defaults_for_timestamp server option (see documentation for more details).
2021-02-19T00:00:01.550225Z 0 [Note] mysqld (mysqld 5.7.32) starting as process 1 ...
2021-02-19T00:00:01.556117Z 0 [Warning] Setting lower_case_table_names=2 because file system for /var/lib/mysql/ is case insensitive
2021-02-19T00:00:01.561062Z 0 [Note] InnoDB: PUNCH HOLE support available
2021-02-19T00:00:01.561462Z 0 [Note] InnoDB: Mutexes and rw_locks use GCC atomic builtins
2021-02-19T00:00:01.561845Z 0 [Note] InnoDB: Uses event mutexes
2021-02-19T00:00:01.562258Z 0 [Note] InnoDB: GCC builtin __atomic_thread_fence() is used for memory barrier
2021-02-19T00:00:01.563784Z 0 [Note] InnoDB: Compressed tables use zlib 1.2.11
2021-02-19T00:00:01.564794Z 0 [Note] InnoDB: Using Linux native AIO
2021-02-19T00:00:01.567382Z 0 [Note] InnoDB: Number of pools: 1
2021-02-19T00:00:01.571184Z 0 [Note] InnoDB: Using CPU crc32 instructions
2021-02-19T00:00:01.572873Z 0 [Note] InnoDB: Initializing buffer pool, total size = 128M, instances = 1, chunk size = 128M
2021-02-19T00:00:01.583893Z 0 [Note] InnoDB: Completed initialization of buffer pool
2021-02-19T00:00:01.586184Z 0 [Note] InnoDB: If the mysqld execution user is authorized, page cleaner thread priority can be changed. See the man page of setpriority().
2021-02-19T00:00:01.647722Z 0 [Note] InnoDB: Highest supported file format is Barracuda.
2021-02-19T00:00:01.731527Z 0 [Note] InnoDB: Creating shared tablespace for temporary tables
2021-02-19T00:00:01.734200Z 0 [Note] InnoDB: Setting file './ibtmp1' size to 12 MB. Physically writing the file full; Please wait ...
2021-02-19T00:00:01.845880Z 0 [Note] InnoDB: File './ibtmp1' size is now 12 MB.
2021-02-19T00:00:01.849704Z 0 [Note] InnoDB: 96 redo rollback segment(s) found. 96 redo rollback segment(s) are active.
2021-02-19T00:00:01.850284Z 0 [Note] InnoDB: 32 non-redo rollback segment(s) are active.
2021-02-19T00:00:01.851190Z 0 [Note] InnoDB: Waiting for purge to start
2021-02-19T00:00:01.901859Z 0 [Note] InnoDB: 5.7.32 started; log sequence number 12606340
2021-02-19T00:00:01.902741Z 0 [Note] InnoDB: Loading buffer pool(s) from /var/lib/mysql/ib_buffer_pool
2021-02-19T00:00:01.903369Z 0 [Note] Plugin 'FEDERATED' is disabled.
2021-02-19T00:00:01.946946Z 0 [Note] Found ca.pem, server-cert.pem and server-key.pem in data directory. Trying to enable SSL support using them.
2021-02-19T00:00:01.947895Z 0 [Note] Skipping generation of SSL certificates as certificate files are present in data directory.
2021-02-19T00:00:01.954999Z 0 [Note] InnoDB: Buffer pool(s) load completed at 210219  9:00:01
2021-02-19T00:00:01.962671Z 0 [Warning] CA certificate ca.pem is self signed.
2021-02-19T00:00:01.968666Z 0 [Note] Skipping generation of RSA key pair as key files are present in data directory.
2021-02-19T00:00:01.973986Z 0 [Note] Server hostname (bind-address): '*'; port: 3306
2021-02-19T00:00:01.974421Z 0 [Note] IPv6 is available.
2021-02-19T00:00:01.974889Z 0 [Note]   - '::' resolves to '::';
2021-02-19T00:00:01.975273Z 0 [Note] Server socket created on IP: '::'.
2021-02-19T00:00:01.978229Z 0 [Warning] Insecure configuration for --pid-file: Location '/var/run/mysqld' in the path is accessible to all OS users. Consider choosing a different directory.
2021-02-19T00:00:02.221331Z 0 [Note] Event Scheduler: Loaded 0 events
2021-02-19T00:00:02.221917Z 0 [Note] mysqld: ready for connections.
Version: '5.7.32'  socket: '/var/run/mysqld/mysqld.sock'  port: 3306  MySQL Community Server (GPL)
2021-02-22T03:15:15.886378Z 0 [Note] InnoDB: page_cleaner: 1000ms intended loop took 19057ms. The settings might not be optimal. (flushed=0 and evicted=0, during the time.)
2021-02-22T03:15:32.192794Z 0 [Note] InnoDB: page_cleaner: 1000ms intended loop took 4340ms. The settings might not be optimal. (flushed=0 and evicted=0, during the time.)
2021-02-24T03:05:33.697506Z 0 [Note] InnoDB: page_cleaner: 1000ms intended loop took 18792ms. The settings might not be optimal. (flushed=0 and evicted=0, during the time.)
2021-02-24T03:06:41.566424Z 0 [Note] InnoDB: page_cleaner: 1000ms intended loop took 18731ms. The settings might not be optimal. (flushed=0 and evicted=0, during the time.)
2021-02-24T05:07:39.359490Z 0 [Note] InnoDB: page_cleaner: 1000ms intended loop took 18860ms. The settings might not be optimal. (flushed=0 and evicted=0, during the time.)
2021-02-24T07:08:27.760001Z 0 [Note] InnoDB: page_cleaner: 1000ms intended loop took 18782ms. The settings might not be optimal. (flushed=0 and evicted=0, during the time.)
2021-02-24T08:06:56.978440Z 0 [Note] InnoDB: page_cleaner: 1000ms intended loop took 18974ms. The settings might not be optimal. (flushed=0 and evicted=0, during the time.)
2021-02-24T08:08:11.169654Z 0 [Note] InnoDB: page_cleaner: 1000ms intended loop took 18670ms. The settings might not be optimal. (flushed=0 and evicted=0, during the time.)
2021-02-24T08:40:47.992650Z 0 [Note] InnoDB: page_cleaner: 1000ms intended loop took 18459ms. The settings might not be optimal. (flushed=0 and evicted=0, during the time.)
2021-02-24T09:01:26.026409Z 0 [Note] InnoDB: page_cleaner: 1000ms intended loop took 18739ms. The settings might not be optimal. (flushed=0 and evicted=0, during the time.)
2021-02-24T11:00:29.273259Z 0 [Note] InnoDB: page_cleaner: 1000ms intended loop took 17988ms. The settings might not be optimal. (flushed=0 and evicted=0, during the time.)
2021-02-24T13:01:14.692439Z 0 [Note] InnoDB: page_cleaner: 1000ms intended loop took 18737ms. The settings might not be optimal. (flushed=0 and evicted=0, during the time.)
2021-02-24T15:02:01.634484Z 0 [Note] InnoDB: page_cleaner: 1000ms intended loop took 18562ms. The settings might not be optimal. (flushed=0 and evicted=0, during the time.)
2021-02-24T17:02:49.669165Z 0 [Note] InnoDB: page_cleaner: 1000ms intended loop took 18683ms. The settings might not be optimal. (flushed=0 and evicted=0, during the time.)
2021-02-24T19:03:36.631241Z 0 [Note] InnoDB: page_cleaner: 1000ms intended loop took 18665ms. The settings might not be optimal. (flushed=0 and evicted=0, during the time.)
2021-02-24T21:04:24.743528Z 0 [Note] InnoDB: page_cleaner: 1000ms intended loop took 18768ms. The settings might not be optimal. (flushed=0 and evicted=0, during the time.)
2021-02-24T23:05:11.795020Z 0 [Note] InnoDB: page_cleaner: 1000ms intended loop took 18739ms. The settings might not be optimal. (flushed=0 and evicted=0, during the time.)
2021-02-25T03:19:46.981897Z 0 [Note] InnoDB: page_cleaner: 1000ms intended loop took 18797ms. The settings might not be optimal. (flushed=0 and evicted=0, during the time.)
2021-02-25T03:20:54.358331Z 0 [Note] InnoDB: page_cleaner: 1000ms intended loop took 18239ms. The settings might not be optimal. (flushed=0 and evicted=0, during the time.)
2021-02-25T03:50:59.985252Z 0 [Note] InnoDB: page_cleaner: 1000ms intended loop took 18870ms. The settings might not be optimal. (flushed=0 and evicted=0, during the time.)
2021-02-25T04:30:58.042627Z 0 [Note] InnoDB: page_cleaner: 1000ms intended loop took 18853ms. The settings might not be optimal. (flushed=0 and evicted=0, during the time.)
2021-02-25T06:31:45.721661Z 0 [Note] InnoDB: page_cleaner: 1000ms intended loop took 18705ms. The settings might not be optimal. (flushed=0 and evicted=0, during the time.)
2021-02-25T07:28:43.022683Z 0 [Note] InnoDB: page_cleaner: 1000ms intended loop took 18809ms. The settings might not be optimal. (flushed=0 and evicted=0, during the time.)
2021-02-25T07:29:57.058817Z 0 [Note] InnoDB: page_cleaner: 1000ms intended loop took 18714ms. The settings might not be optimal. (flushed=0 and evicted=0, during the time.)
2021-02-25T08:00:38.803780Z 0 [Note] InnoDB: page_cleaner: 1000ms intended loop took 18715ms. The settings might not be optimal. (flushed=0 and evicted=0, during the time.)
2021-02-25T08:35:43.262814Z 0 [Note] InnoDB: page_cleaner: 1000ms intended loop took 18408ms. The settings might not be optimal. (flushed=0 and evicted=0, during the time.)
2021-02-25T08:38:10.638363Z 0 [Note] InnoDB: page_cleaner: 1000ms intended loop took 18722ms. The settings might not be optimal. (flushed=0 and evicted=0, during the time.)
2021-02-25T09:08:24.529001Z 0 [Note] InnoDB: page_cleaner: 1000ms intended loop took 18239ms. The settings might not be optimal. (flushed=0 and evicted=0, during the time.)
2021-02-25T09:27:28.765332Z 0 [Note] InnoDB: page_cleaner: 1000ms intended loop took 18600ms. The settings might not be optimal. (flushed=0 and evicted=0, during the time.)
2021-02-25T11:29:48.843262Z 0 [Note] InnoDB: page_cleaner: 1000ms intended loop took 18638ms. The settings might not be optimal. (flushed=0 and evicted=0, during the time.)
2021-02-25T11:57:12.550696Z 0 [Note] InnoDB: page_cleaner: 1000ms intended loop took 18427ms. The settings might not be optimal. (flushed=0 and evicted=0, during the time.)
2021-02-25T11:58:23.183174Z 0 [Note] InnoDB: page_cleaner: 1000ms intended loop took 18591ms. The settings might not be optimal. (flushed=0 and evicted=0, during the time.)
2021-02-25T12:29:26.422047Z 0 [Note] InnoDB: page_cleaner: 1000ms intended loop took 18326ms. The settings might not be optimal. (flushed=0 and evicted=0, during the time.)
2021-02-25T12:45:58.670937Z 0 [Note] InnoDB: page_cleaner: 1000ms intended loop took 18582ms. The settings might not be optimal. (flushed=0 and evicted=0, during the time.)
2021-02-25T13:03:05.096387Z 0 [Note] InnoDB: page_cleaner: 1000ms intended loop took 18077ms. The settings might not be optimal. (flushed=0 and evicted=0, during the time.)
2021-02-25T13:21:36.083064Z 0 [Note] InnoDB: page_cleaner: 1000ms intended loop took 18829ms. The settings might not be optimal. (flushed=0 and evicted=0, during the time.)
2021-02-25T14:29:46.564049Z 0 [Note] InnoDB: page_cleaner: 1000ms intended loop took 18811ms. The settings might not be optimal. (flushed=0 and evicted=0, during the time.)
2021-02-25T15:00:47.054035Z 0 [Note] InnoDB: page_cleaner: 1000ms intended loop took 18020ms. The settings might not be optimal. (flushed=0 and evicted=0, during the time.)
2021-02-25T15:19:36.468344Z 0 [Note] InnoDB: page_cleaner: 1000ms intended loop took 18179ms. The settings might not be optimal. (flushed=0 and evicted=0, during the time.)
2021-02-25T15:36:35.752229Z 0 [Note] InnoDB: page_cleaner: 1000ms intended loop took 18751ms. The settings might not be optimal. (flushed=0 and evicted=0, during the time.)
2021-02-25T15:37:43.321988Z 0 [Note] InnoDB: page_cleaner: 1000ms intended loop took 18508ms. The settings might not be optimal. (flushed=0 and evicted=0, during the time.)
2021-02-25T17:39:29.956020Z 0 [Note] InnoDB: page_cleaner: 1000ms intended loop took 18602ms. The settings might not be optimal. (flushed=0 and evicted=0, during the time.)
2021-02-25T19:40:21.386363Z 0 [Note] InnoDB: page_cleaner: 1000ms intended loop took 18343ms. The settings might not be optimal. (flushed=0 and evicted=0, during the time.)
2021-02-25T21:24:32.643124Z 0 [Note] InnoDB: page_cleaner: 1000ms intended loop took 18708ms. The settings might not be optimal. (flushed=0 and evicted=0, during the time.)
2021-02-26T00:11:52.429979Z 0 [Note] InnoDB: page_cleaner: 1000ms intended loop took 18669ms. The settings might not be optimal. (flushed=0 and evicted=0, during the time.)
2021-02-26T00:13:00.299924Z 0 [Note] InnoDB: page_cleaner: 1000ms intended loop took 18758ms. The settings might not be optimal. (flushed=0 and evicted=0, during the time.)
2021-02-26T00:26:59.826278Z 0 [Note] InnoDB: page_cleaner: 1000ms intended loop took 18387ms. The settings might not be optimal. (flushed=0 and evicted=0, during the time.)
2021-02-26T00:28:07.607007Z 0 [Note] InnoDB: page_cleaner: 1000ms intended loop took 18673ms. The settings might not be optimal. (flushed=0 and evicted=0, during the time.)
2021-02-26T00:58:11.774765Z 0 [Note] InnoDB: page_cleaner: 1000ms intended loop took 18781ms. The settings might not be optimal. (flushed=0 and evicted=0, during the time.)
2021-02-26T01:00:39.697957Z 0 [Note] InnoDB: page_cleaner: 1000ms intended loop took 18365ms. The settings might not be optimal. (flushed=0 and evicted=0, during the time.)
2021-02-26T01:01:54.015937Z 0 [Note] InnoDB: page_cleaner: 1000ms intended loop took 18857ms. The settings might not be optimal. (flushed=0 and evicted=0, during the time.)
2021-02-26T01:21:04.130293Z 0 [Note] InnoDB: page_cleaner: 1000ms intended loop took 18876ms. The settings might not be optimal. (flushed=0 and evicted=0, during the time.)
2021-02-26T01:22:18.384339Z 0 [Note] InnoDB: page_cleaner: 1000ms intended loop took 18688ms. The settings might not be optimal. (flushed=0 and evicted=0, during the time.)
2021-02-26T01:53:55.778195Z 0 [Note] InnoDB: page_cleaner: 1000ms intended loop took 18569ms. The settings might not be optimal. (flushed=0 and evicted=0, during the time.)
2021-02-26T02:11:53.727026Z 0 [Note] InnoDB: page_cleaner: 1000ms intended loop took 18778ms. The settings might not be optimal. (flushed=0 and evicted=0, during the time.)
2021-02-26T04:12:40.900849Z 0 [Note] InnoDB: page_cleaner: 1000ms intended loop took 18849ms. The settings might not be optimal. (flushed=0 and evicted=0, during the time.)
2021-02-26T06:13:28.772742Z 0 [Note] InnoDB: page_cleaner: 1000ms intended loop took 18705ms. The settings might not be optimal. (flushed=0 and evicted=0, during the time.)
2021-02-26T07:34:36.094754Z 0 [Note] InnoDB: page_cleaner: 1000ms intended loop took 18765ms. The settings might not be optimal. (flushed=0 and evicted=0, during the time.)
2021-02-26T07:57:33.530537Z 0 [Note] InnoDB: page_cleaner: 1000ms intended loop took 18031ms. The settings might not be optimal. (flushed=0 and evicted=0, during the time.)
2021-02-26T07:58:41.393057Z 0 [Note] InnoDB: page_cleaner: 1000ms intended loop took 18774ms. The settings might not be optimal. (flushed=0 and evicted=0, during the time.)
2021-02-26T08:28:50.908675Z 0 [Note] InnoDB: page_cleaner: 1000ms intended loop took 18843ms. The settings might not be optimal. (flushed=0 and evicted=0, during the time.)
2021-02-26T08:48:37.326789Z 0 [Note] InnoDB: page_cleaner: 1000ms intended loop took 18042ms. The settings might not be optimal. (flushed=0 and evicted=0, during the time.)
2021-02-26T09:06:18.639973Z 0 [Note] InnoDB: page_cleaner: 1000ms intended loop took 18687ms. The settings might not be optimal. (flushed=0 and evicted=0, during the time.)
2021-02-26T09:09:24.303038Z 0 [Note] InnoDB: page_cleaner: 1000ms intended loop took 18877ms. The settings might not be optimal. (flushed=0 and evicted=0, during the time.)
2021-02-26T09:12:28.416077Z 0 [Note] InnoDB: page_cleaner: 1000ms intended loop took 18176ms. The settings might not be optimal. (flushed=0 and evicted=0, during the time.)
2021-02-26T09:13:52.929826Z 0 [Note] InnoDB: page_cleaner: 1000ms intended loop took 18515ms. The settings might not be optimal. (flushed=0 and evicted=0, during the time.)
2021-02-26T09:16:20.771280Z 0 [Note] InnoDB: page_cleaner: 1000ms intended loop took 18676ms. The settings might not be optimal. (flushed=0 and evicted=0, during the time.)
2021-02-26T09:46:21.737696Z 0 [Note] InnoDB: page_cleaner: 1000ms intended loop took 18532ms. The settings might not be optimal. (flushed=0 and evicted=0, during the time.)
2021-02-26T10:07:06.697368Z 0 [Note] InnoDB: page_cleaner: 1000ms intended loop took 18718ms. The settings might not be optimal. (flushed=0 and evicted=0, during the time.)
2021-02-26T12:09:14.504223Z 0 [Note] InnoDB: page_cleaner: 1000ms intended loop took 18380ms. The settings might not be optimal. (flushed=0 and evicted=0, during the time.)
2021-02-26T14:10:02.745749Z 0 [Note] InnoDB: page_cleaner: 1000ms intended loop took 18766ms. The settings might not be optimal. (flushed=0 and evicted=0, during the time.)
2021-02-26T16:10:49.699791Z 0 [Note] InnoDB: page_cleaner: 1000ms intended loop took 18675ms. The settings might not be optimal. (flushed=0 and evicted=0, during the time.)
2021-02-26T18:11:36.698998Z 0 [Note] InnoDB: page_cleaner: 1000ms intended loop took 18695ms. The settings might not be optimal. (flushed=0 and evicted=0, during the time.)
2021-02-26T20:12:23.724488Z 0 [Note] InnoDB: page_cleaner: 1000ms intended loop took 18669ms. The settings might not be optimal. (flushed=0 and evicted=0, during the time.)
2021-02-26T22:13:10.647310Z 0 [Note] InnoDB: page_cleaner: 1000ms intended loop took 18720ms. The settings might not be optimal. (flushed=0 and evicted=0, during the time.)
2021-02-27T00:16:57.521352Z 0 [Note] InnoDB: page_cleaner: 1000ms intended loop took 18431ms. The settings might not be optimal. (flushed=0 and evicted=0, during the time.)
2021-02-27T00:32:29.604721Z 0 [Note] InnoDB: page_cleaner: 1000ms intended loop took 18235ms. The settings might not be optimal. (flushed=0 and evicted=0, during the time.)
2021-02-27T01:26:14.373767Z 0 [Note] InnoDB: page_cleaner: 1000ms intended loop took 18443ms. The settings might not be optimal. (flushed=0 and evicted=0, during the time.)
2021-02-27T01:54:55.350162Z 0 [Note] InnoDB: page_cleaner: 1000ms intended loop took 18287ms. The settings might not be optimal. (flushed=0 and evicted=0, during the time.)
2021-02-27T03:55:29.320870Z 0 [Note] InnoDB: page_cleaner: 1000ms intended loop took 18383ms. The settings might not be optimal. (flushed=0 and evicted=0, during the time.)
2021-02-27T05:55:58.994344Z 0 [Note] InnoDB: page_cleaner: 1000ms intended loop took 43786ms. The settings might not be optimal. (flushed=0 and evicted=0, during the time.)
2021-02-27T07:55:48.623413Z 0 [Note] InnoDB: page_cleaner: 1000ms intended loop took 21273ms. The settings might not be optimal. (flushed=0 and evicted=0, during the time.)
2021-02-27T09:56:01.038789Z 0 [Note] InnoDB: page_cleaner: 1000ms intended loop took 20085ms. The settings might not be optimal. (flushed=0 and evicted=0, during the time.)
2021-02-27T11:22:31.869978Z 0 [Note] InnoDB: page_cleaner: 1000ms intended loop took 18860ms. The settings might not be optimal. (flushed=0 and evicted=0, during the time.)
2021-02-27T11:23:00.474843Z 0 [Note] InnoDB: page_cleaner: 1000ms intended loop took 18572ms. The settings might not be optimal. (flushed=0 and evicted=0, during the time.)
2021-02-27T12:00:33.878491Z 0 [Note] InnoDB: page_cleaner: 1000ms intended loop took 18193ms. The settings might not be optimal. (flushed=0 and evicted=0, during the time.)
2021-02-27T14:00:37.802186Z 0 [Note] InnoDB: page_cleaner: 1000ms intended loop took 18905ms. The settings might not be optimal. (flushed=0 and evicted=0, during the time.)
2021-02-27T14:01:03.673358Z 0 [Note] InnoDB: page_cleaner: 1000ms intended loop took 18993ms. The settings might not be optimal. (flushed=0 and evicted=0, during the time.)
2021-02-27T16:01:13.697746Z 0 [Note] InnoDB: page_cleaner: 1000ms intended loop took 18787ms. The settings might not be optimal. (flushed=0 and evicted=0, during the time.)
2021-02-27T18:01:26.674832Z 0 [Note] InnoDB: page_cleaner: 1000ms intended loop took 18743ms. The settings might not be optimal. (flushed=0 and evicted=0, during the time.)
2021-02-27T20:01:29.697093Z 0 [Note] InnoDB: page_cleaner: 1000ms intended loop took 18827ms. The settings might not be optimal. (flushed=0 and evicted=0, during the time.)
2021-02-27T20:14:53.241159Z 0 [Note] InnoDB: page_cleaner: 1000ms intended loop took 18370ms. The settings might not be optimal. (flushed=0 and evicted=0, during the time.)
2021-02-27T22:39:45.334089Z 0 [Note] InnoDB: page_cleaner: 1000ms intended loop took 18449ms. The settings might not be optimal. (flushed=0 and evicted=0, during the time.)
2021-02-28T00:39:49.882636Z 0 [Note] InnoDB: page_cleaner: 1000ms intended loop took 18928ms. The settings might not be optimal. (flushed=0 and evicted=0, during the time.)
2021-02-28T01:28:34.050823Z 0 [Note] InnoDB: page_cleaner: 1000ms intended loop took 18148ms. The settings might not be optimal. (flushed=0 and evicted=0, during the time.)
2021-02-28T01:59:33.383757Z 0 [Note] InnoDB: page_cleaner: 1000ms intended loop took 18420ms. The settings might not be optimal. (flushed=0 and evicted=0, during the time.)
2021-02-28T02:14:16.793323Z 0 [Note] InnoDB: page_cleaner: 1000ms intended loop took 18787ms. The settings might not be optimal. (flushed=0 and evicted=0, during the time.)
2021-02-28T02:29:21.791877Z 0 [Note] InnoDB: page_cleaner: 1000ms intended loop took 18782ms. The settings might not be optimal. (flushed=0 and evicted=0, during the time.)
2021-02-28T02:44:20.742914Z 0 [Note] InnoDB: page_cleaner: 1000ms intended loop took 18742ms. The settings might not be optimal. (flushed=0 and evicted=0, during the time.)
2021-02-28T02:54:57.932978Z 0 [Note] InnoDB: page_cleaner: 1000ms intended loop took 18176ms. The settings might not be optimal. (flushed=0 and evicted=0, during the time.)
2021-02-28T02:58:09.512708Z 0 [Note] InnoDB: page_cleaner: 1000ms intended loop took 18788ms. The settings might not be optimal. (flushed=0 and evicted=0, during the time.)
2021-02-28T03:00:59.532646Z 0 [Note] InnoDB: page_cleaner: 1000ms intended loop took 32534ms. The settings might not be optimal. (flushed=0 and evicted=0, during the time.)
2021-02-28T03:15:54.607098Z 0 [Note] InnoDB: page_cleaner: 1000ms intended loop took 19761ms. The settings might not be optimal. (flushed=0 and evicted=0, during the time.)
2021-02-28T03:31:01.112334Z 0 [Note] InnoDB: page_cleaner: 1000ms intended loop took 19882ms. The settings might not be optimal. (flushed=0 and evicted=0, during the time.)
2021-02-28T03:46:07.076560Z 0 [Note] InnoDB: page_cleaner: 1000ms intended loop took 19919ms. The settings might not be optimal. (flushed=0 and evicted=0, during the time.)
2021-02-28T04:01:13.207893Z 0 [Note] InnoDB: page_cleaner: 1000ms intended loop took 20002ms. The settings might not be optimal. (flushed=0 and evicted=0, during the time.)
2021-02-28T07:01:18.339717Z 0 [Note] InnoDB: page_cleaner: 1000ms intended loop took 20044ms. The settings might not be optimal. (flushed=0 and evicted=0, during the time.)
2021-02-28T08:01:25.756278Z 0 [Note] InnoDB: page_cleaner: 1000ms intended loop took 19527ms. The settings might not be optimal. (flushed=0 and evicted=0, during the time.)
2021-02-28T09:50:30.879838Z 0 [Note] InnoDB: page_cleaner: 1000ms intended loop took 20106ms. The settings might not be optimal. (flushed=0 and evicted=0, during the time.)
2021-02-28T11:50:43.445543Z 0 [Note] InnoDB: page_cleaner: 1000ms intended loop took 20351ms. The settings might not be optimal. (flushed=0 and evicted=0, during the time.)
2021-02-28T12:27:22.108936Z 0 [Note] InnoDB: page_cleaner: 1000ms intended loop took 18405ms. The settings might not be optimal. (flushed=0 and evicted=0, during the time.)
2021-02-28T12:28:33.752957Z 0 [Note] InnoDB: page_cleaner: 1000ms intended loop took 18585ms. The settings might not be optimal. (flushed=0 and evicted=0, during the time.)
2021-02-28T12:30:52.143252Z 0 [Note] InnoDB: page_cleaner: 1000ms intended loop took 18801ms. The settings might not be optimal. (flushed=0 and evicted=0, during the time.)
2021-02-28T12:31:44.552815Z 0 [Note] InnoDB: page_cleaner: 1000ms intended loop took 18867ms. The settings might not be optimal. (flushed=0 and evicted=0, during the time.)
2021-02-28T12:41:38.469413Z 0 [Note] InnoDB: page_cleaner: 1000ms intended loop took 18465ms. The settings might not be optimal. (flushed=0 and evicted=0, during the time.)
2021-02-28T12:47:27.322502Z 0 [Note] InnoDB: page_cleaner: 1000ms intended loop took 18456ms. The settings might not be optimal. (flushed=0 and evicted=0, during the time.)
2021-02-28T12:53:13.804837Z 0 [Note] InnoDB: page_cleaner: 1000ms intended loop took 18522ms. The settings might not be optimal. (flushed=0 and evicted=0, during the time.)
2021-02-28T13:20:24.920744Z 0 [Note] InnoDB: page_cleaner: 1000ms intended loop took 18486ms. The settings might not be optimal. (flushed=0 and evicted=0, during the time.)
2021-02-28T13:38:31.866235Z 0 [Note] InnoDB: page_cleaner: 1000ms intended loop took 18650ms. The settings might not be optimal. (flushed=0 and evicted=0, during the time.)
2021-02-28T15:53:21.862432Z 0 [Note] InnoDB: page_cleaner: 1000ms intended loop took 18626ms. The settings might not be optimal. (flushed=0 and evicted=0, during the time.)
2021-02-28T15:54:32.478055Z 0 [Note] InnoDB: page_cleaner: 1000ms intended loop took 18081ms. The settings might not be optimal. (flushed=0 and evicted=0, during the time.)
2021-02-28T16:26:06.537724Z 0 [Note] InnoDB: page_cleaner: 1000ms intended loop took 18955ms. The settings might not be optimal. (flushed=0 and evicted=0, during the time.)
2021-02-28T16:45:57.328294Z 0 [Note] InnoDB: page_cleaner: 1000ms intended loop took 18863ms. The settings might not be optimal. (flushed=0 and evicted=0, during the time.)
2021-02-28T17:03:45.623844Z 0 [Note] InnoDB: page_cleaner: 1000ms intended loop took 18009ms. The settings might not be optimal. (flushed=0 and evicted=0, during the time.)
2021-02-28T17:20:28.962347Z 0 [Note] InnoDB: page_cleaner: 1000ms intended loop took 18763ms. The settings might not be optimal. (flushed=0 and evicted=0, during the time.)
2021-02-28T19:21:15.928515Z 0 [Note] InnoDB: page_cleaner: 1000ms intended loop took 18753ms. The settings might not be optimal. (flushed=0 and evicted=0, during the time.)
2021-02-28T21:22:03.004372Z 0 [Note] InnoDB: page_cleaner: 1000ms intended loop took 18814ms. The settings might not be optimal. (flushed=0 and evicted=0, during the time.)
2021-02-28T22:32:17.051154Z 0 [Note] InnoDB: page_cleaner: 1000ms intended loop took 18479ms. The settings might not be optimal. (flushed=0 and evicted=0, during the time.)
2021-02-28T22:39:01.670175Z 0 [Note] InnoDB: page_cleaner: 1000ms intended loop took 18833ms. The settings might not be optimal. (flushed=0 and evicted=0, during the time.)
2021-02-28T23:02:57.025605Z 0 [Note] InnoDB: page_cleaner: 1000ms intended loop took 18299ms. The settings might not be optimal. (flushed=0 and evicted=0, during the time.)
2021-03-01T01:45:20.329855Z 0 [Note] InnoDB: page_cleaner: 1000ms intended loop took 18964ms. The settings might not be optimal. (flushed=0 and evicted=0, during the time.)
2021-03-01T01:57:11.455437Z 0 [Note] InnoDB: page_cleaner: 1000ms intended loop took 18496ms. The settings might not be optimal. (flushed=0 and evicted=0, during the time.)
2021-03-01T02:11:40.923287Z 0 [Note] InnoDB: page_cleaner: 1000ms intended loop took 18883ms. The settings might not be optimal. (flushed=0 and evicted=0, during the time.)
2021-03-01T02:26:43.808855Z 0 [Note] InnoDB: page_cleaner: 1000ms intended loop took 18740ms. The settings might not be optimal. (flushed=0 and evicted=0, during the time.)
2021-03-01T02:41:45.615785Z 0 [Note] InnoDB: page_cleaner: 1000ms intended loop took 18562ms. The settings might not be optimal. (flushed=0 and evicted=0, during the time.)
2021-03-01T02:42:13.436749Z 0 [Note] InnoDB: page_cleaner: 1000ms intended loop took 18810ms. The settings might not be optimal. (flushed=0 and evicted=0, during the time.)
2021-03-01T03:11:49.808297Z 0 [Note] InnoDB: page_cleaner: 1000ms intended loop took 18750ms. The settings might not be optimal. (flushed=0 and evicted=0, during the time.)
2021-03-01T03:26:51.899935Z 0 [Note] InnoDB: page_cleaner: 1000ms intended loop took 18850ms. The settings might not be optimal. (flushed=0 and evicted=0, during the time.)
2021-03-01T03:42:02.821912Z 0 [Note] InnoDB: page_cleaner: 1000ms intended loop took 18750ms. The settings might not be optimal. (flushed=0 and evicted=0, during the time.)
2021-03-01T03:56:55.809307Z 0 [Note] InnoDB: page_cleaner: 1000ms intended loop took 18756ms. The settings might not be optimal. (flushed=0 and evicted=0, during the time.)
2021-03-01T04:11:57.819506Z 0 [Note] InnoDB: page_cleaner: 1000ms intended loop took 18766ms. The settings might not be optimal. (flushed=0 and evicted=0, during the time.)
2021-03-01T05:15:58.020467Z 0 [Note] InnoDB: page_cleaner: 1000ms intended loop took 18201ms. The settings might not be optimal. (flushed=0 and evicted=0, during the time.)
2021-03-01T05:31:13.333916Z 0 [Note] InnoDB: page_cleaner: 1000ms intended loop took 18156ms. The settings might not be optimal. (flushed=0 and evicted=0, during the time.)
2021-03-01T16:08:18.198665Z 0 [Note] InnoDB: page_cleaner: 1000ms intended loop took 18850ms. The settings might not be optimal. (flushed=0 and evicted=0, during the time.)
2021-03-01T16:09:26.579555Z 0 [Note] InnoDB: page_cleaner: 1000ms intended loop took 18802ms. The settings might not be optimal. (flushed=0 and evicted=0, during the time.)
2021-03-01T16:16:49.084365Z 0 [Note] InnoDB: page_cleaner: 1000ms intended loop took 18643ms. The settings might not be optimal. (flushed=0 and evicted=0, during the time.)
2021-03-01T16:41:02.748878Z 0 [Note] InnoDB: page_cleaner: 1000ms intended loop took 18342ms. The settings might not be optimal. (flushed=0 and evicted=0, during the time.)
2021-03-01T16:59:00.248692Z 0 [Note] InnoDB: page_cleaner: 1000ms intended loop took 18441ms. The settings might not be optimal. (flushed=0 and evicted=0, during the time.)
2021-03-01T17:16:03.909088Z 0 [Note] InnoDB: page_cleaner: 1000ms intended loop took 18637ms. The settings might not be optimal. (flushed=0 and evicted=0, during the time.)
2021-03-01T19:16:51.906427Z 0 [Note] InnoDB: page_cleaner: 1000ms intended loop took 18815ms. The settings might not be optimal. (flushed=0 and evicted=0, during the time.)
2021-03-01T21:17:38.773518Z 0 [Note] InnoDB: page_cleaner: 1000ms intended loop took 18647ms. The settings might not be optimal. (flushed=0 and evicted=0, during the time.)
2021-03-02T00:15:24.737995Z 0 [Note] InnoDB: page_cleaner: 1000ms intended loop took 18447ms. The settings might not be optimal. (flushed=0 and evicted=0, during the time.)
2021-03-02T02:19:41.932755Z 0 [Note] InnoDB: page_cleaner: 1000ms intended loop took 18915ms. The settings might not be optimal. (flushed=0 and evicted=0, during the time.)
2021-03-02T04:19:47.770974Z 0 [Note] InnoDB: page_cleaner: 1000ms intended loop took 18748ms. The settings might not be optimal. (flushed=0 and evicted=0, during the time.)
2021-03-02T06:25:33.450160Z 0 [Note] InnoDB: page_cleaner: 1000ms intended loop took 18251ms. The settings might not be optimal. (flushed=0 and evicted=0, during the time.)
2021-03-02T10:05:20.483865Z 0 [Note] InnoDB: page_cleaner: 1000ms intended loop took 18788ms. The settings might not be optimal. (flushed=0 and evicted=0, during the time.)
2021-03-02T10:06:11.719533Z 0 [Note] InnoDB: page_cleaner: 1000ms intended loop took 18167ms. The settings might not be optimal. (flushed=0 and evicted=0, during the time.)
2021-03-02T10:07:44.367017Z 0 [Note] InnoDB: page_cleaner: 1000ms intended loop took 18719ms. The settings might not be optimal. (flushed=0 and evicted=0, during the time.)
2021-03-02T10:36:14.312362Z 0 [Note] InnoDB: page_cleaner: 1000ms intended loop took 18122ms. The settings might not be optimal. (flushed=0 and evicted=0, during the time.)
2021-03-02T15:05:24.476892Z 0 [Note] InnoDB: page_cleaner: 1000ms intended loop took 31813ms. The settings might not be optimal. (flushed=0 and evicted=0, during the time.)
2021-03-02T15:52:55.646403Z 0 [Note] InnoDB: page_cleaner: 1000ms intended loop took 18194ms. The settings might not be optimal. (flushed=0 and evicted=0, during the time.)
2021-03-02T16:01:00.440780Z 0 [Note] InnoDB: page_cleaner: 1000ms intended loop took 18792ms. The settings might not be optimal. (flushed=0 and evicted=0, during the time.)
2021-03-02T16:25:15.456321Z 0 [Note] InnoDB: page_cleaner: 1000ms intended loop took 17983ms. The settings might not be optimal. (flushed=0 and evicted=0, during the time.)
2021-03-02T16:45:05.625904Z 0 [Note] InnoDB: page_cleaner: 1000ms intended loop took 18273ms. The settings might not be optimal. (flushed=0 and evicted=0, during the time.)
2021-03-02T17:02:55.903481Z 0 [Note] InnoDB: page_cleaner: 1000ms intended loop took 18670ms. The settings might not be optimal. (flushed=0 and evicted=0, during the time.)
2021-03-02T19:05:05.637109Z 0 [Note] InnoDB: page_cleaner: 1000ms intended loop took 18255ms. The settings might not be optimal. (flushed=0 and evicted=0, during the time.)
2021-03-02T21:05:52.967181Z 0 [Note] InnoDB: page_cleaner: 1000ms intended loop took 18699ms. The settings might not be optimal. (flushed=0 and evicted=0, during the time.)
2021-03-02T23:04:37.102037Z 0 [Note] InnoDB: page_cleaner: 1000ms intended loop took 18680ms. The settings might not be optimal. (flushed=0 and evicted=0, during the time.)
2021-03-03T00:15:25.851031Z 0 [Note] InnoDB: page_cleaner: 1000ms intended loop took 18438ms. The settings might not be optimal. (flushed=0 and evicted=0, during the time.)
2021-03-03T01:03:37.224363Z 0 [Note] InnoDB: page_cleaner: 1000ms intended loop took 18746ms. The settings might not be optimal. (flushed=0 and evicted=0, during the time.)
2021-03-03T04:02:11.904932Z 0 [Note] InnoDB: page_cleaner: 1000ms intended loop took 18863ms. The settings might not be optimal. (flushed=0 and evicted=0, during the time.)
2021-03-03T04:19:29.774635Z 0 [Note] InnoDB: page_cleaner: 1000ms intended loop took 18222ms. The settings might not be optimal. (flushed=0 and evicted=0, during the time.)
2021-03-03T04:20:02.759831Z 0 [Note] InnoDB: page_cleaner: 1000ms intended loop took 18846ms. The settings might not be optimal. (flushed=0 and evicted=0, during the time.)
2021-03-03T04:21:03.336088Z 0 [Note] InnoDB: page_cleaner: 1000ms intended loop took 18279ms. The settings might not be optimal. (flushed=0 and evicted=0, during the time.)
2021-03-03T06:02:34.665507Z 0 [Note] InnoDB: page_cleaner: 1000ms intended loop took 22471ms. The settings might not be optimal. (flushed=0 and evicted=0, during the time.)
2021-03-03T08:02:53.220740Z 0 [Note] InnoDB: page_cleaner: 1000ms intended loop took 20328ms. The settings might not be optimal. (flushed=0 and evicted=0, during the time.)
2021-03-03T10:16:33.113263Z 0 [Note] InnoDB: page_cleaner: 1000ms intended loop took 18355ms. The settings might not be optimal. (flushed=0 and evicted=0, during the time.)
2021-03-03T10:27:53.917373Z 0 [Note] InnoDB: page_cleaner: 1000ms intended loop took 18710ms. The settings might not be optimal. (flushed=0 and evicted=0, during the time.)
2021-03-03T13:38:48.866555Z 0 [Note] InnoDB: page_cleaner: 1000ms intended loop took 18413ms. The settings might not be optimal. (flushed=0 and evicted=0, during the time.)
2021-03-03T13:41:01.918939Z 0 [Note] InnoDB: page_cleaner: 1000ms intended loop took 18783ms. The settings might not be optimal. (flushed=0 and evicted=0, during the time.)
2021-03-03T14:11:11.438394Z 0 [Note] InnoDB: page_cleaner: 1000ms intended loop took 18803ms. The settings might not be optimal. (flushed=0 and evicted=0, during the time.)
2021-03-03T14:27:17.329759Z 0 [Note] InnoDB: page_cleaner: 1000ms intended loop took 18951ms. The settings might not be optimal. (flushed=0 and evicted=0, during the time.)
2021-03-03T14:54:33.008187Z 0 [Note] InnoDB: page_cleaner: 1000ms intended loop took 18737ms. The settings might not be optimal. (flushed=0 and evicted=0, during the time.)
2021-03-03T16:55:20.120061Z 0 [Note] InnoDB: page_cleaner: 1000ms intended loop took 18798ms. The settings might not be optimal. (flushed=0 and evicted=0, during the time.)
2021-03-03T18:56:07.022426Z 0 [Note] InnoDB: page_cleaner: 1000ms intended loop took 18773ms. The settings might not be optimal. (flushed=0 and evicted=0, during the time.)
2021-03-03T20:56:54.043255Z 0 [Note] InnoDB: page_cleaner: 1000ms intended loop took 18640ms. The settings might not be optimal. (flushed=0 and evicted=0, during the time.)
2021-03-03T22:42:01.434830Z 0 [Note] InnoDB: page_cleaner: 1000ms intended loop took 18191ms. The settings might not be optimal. (flushed=0 and evicted=0, during the time.)
2021-03-03T22:56:05.862057Z 0 [Note] InnoDB: page_cleaner: 1000ms intended loop took 18757ms. The settings might not be optimal. (flushed=0 and evicted=0, during the time.)
2021-03-03T23:03:32.523402Z 0 [Note] InnoDB: page_cleaner: 1000ms intended loop took 18707ms. The settings might not be optimal. (flushed=0 and evicted=0, during the time.)
2021-03-04T02:57:43.759027Z 0 [Note] InnoDB: page_cleaner: 1000ms intended loop took 18183ms. The settings might not be optimal. (flushed=0 and evicted=0, during the time.)
2021-03-04T03:01:39.390694Z 0 [Note] InnoDB: page_cleaner: 1000ms intended loop took 18700ms. The settings might not be optimal. (flushed=0 and evicted=0, during the time.)
2021-03-04T03:30:53.082018Z 0 [Note] InnoDB: page_cleaner: 1000ms intended loop took 18257ms. The settings might not be optimal. (flushed=0 and evicted=0, during the time.)
2021-03-04T03:48:09.234661Z 0 [Note] InnoDB: page_cleaner: 1000ms intended loop took 18789ms. The settings might not be optimal. (flushed=0 and evicted=0, during the time.)
2021-03-04T03:53:53.098740Z 0 [Note] InnoDB: page_cleaner: 1000ms intended loop took 18688ms. The settings might not be optimal. (flushed=0 and evicted=0, during the time.)
2021-03-04T04:26:33.170004Z 0 [Note] InnoDB: page_cleaner: 1000ms intended loop took 18738ms. The settings might not be optimal. (flushed=0 and evicted=0, during the time.)
2021-03-04T04:49:36.090405Z 0 [Note] InnoDB: page_cleaner: 1000ms intended loop took 18749ms. The settings might not be optimal. (flushed=0 and evicted=0, during the time.)
2021-03-04T05:50:23.049826Z 0 [Note] InnoDB: page_cleaner: 1000ms intended loop took 18695ms. The settings might not be optimal. (flushed=0 and evicted=0, during the time.)
2021-03-04T06:19:54.215348Z 0 [Note] InnoDB: page_cleaner: 1000ms intended loop took 18046ms. The settings might not be optimal. (flushed=0 and evicted=0, during the time.)
2021-03-04T06:26:23.372974Z 0 [Note] InnoDB: page_cleaner: 1000ms intended loop took 18293ms. The settings might not be optimal. (flushed=0 and evicted=0, during the time.)
2021-03-04T08:26:29.118237Z 0 [Note] InnoDB: page_cleaner: 1000ms intended loop took 18875ms. The settings might not be optimal. (flushed=0 and evicted=0, during the time.)
2021-03-04T09:18:22.011213Z 0 [Note] InnoDB: page_cleaner: 1000ms intended loop took 18620ms. The settings might not be optimal. (flushed=0 and evicted=0, during the time.)
2021-03-04T10:54:16.833770Z 0 [Note] InnoDB: page_cleaner: 1000ms intended loop took 17999ms. The settings might not be optimal. (flushed=0 and evicted=0, during the time.)
2021-03-04T12:36:50.199964Z 0 [Note] InnoDB: page_cleaner: 1000ms intended loop took 18767ms. The settings might not be optimal. (flushed=0 and evicted=0, during the time.)
2021-03-04T12:38:04.372117Z 0 [Note] InnoDB: page_cleaner: 1000ms intended loop took 18503ms. The settings might not be optimal. (flushed=0 and evicted=0, during the time.)
2021-03-04T13:09:48.604995Z 0 [Note] InnoDB: page_cleaner: 1000ms intended loop took 18798ms. The settings might not be optimal. (flushed=0 and evicted=0, during the time.)
2021-03-04T13:21:08.786657Z 0 [Note] InnoDB: page_cleaner: 1000ms intended loop took 18235ms. The settings might not be optimal. (flushed=0 and evicted=0, during the time.)
2021-03-04T13:39:01.317431Z 0 [Note] InnoDB: page_cleaner: 1000ms intended loop took 18847ms. The settings might not be optimal. (flushed=0 and evicted=0, during the time.)
2021-03-04T14:39:49.378856Z 0 [Note] InnoDB: page_cleaner: 1000ms intended loop took 18000ms. The settings might not be optimal. (flushed=0 and evicted=0, during the time.)
2021-03-04T14:55:37.136584Z 0 [Note] InnoDB: page_cleaner: 1000ms intended loop took 18717ms. The settings might not be optimal. (flushed=0 and evicted=0, during the time.)
2021-03-04T15:11:24.124122Z 0 [Note] InnoDB: page_cleaner: 1000ms intended loop took 18688ms. The settings might not be optimal. (flushed=0 and evicted=0, during the time.)
2021-03-04T15:27:11.123718Z 0 [Note] InnoDB: page_cleaner: 1000ms intended loop took 18725ms. The settings might not be optimal. (flushed=0 and evicted=0, during the time.)
2021-03-04T15:42:58.111147Z 0 [Note] InnoDB: page_cleaner: 1000ms intended loop took 18719ms. The settings might not be optimal. (flushed=0 and evicted=0, during the time.)
2021-03-04T15:58:45.053029Z 0 [Note] InnoDB: page_cleaner: 1000ms intended loop took 18659ms. The settings might not be optimal. (flushed=0 and evicted=0, during the time.)
2021-03-04T17:28:45.095262Z 0 [Note] InnoDB: page_cleaner: 1000ms intended loop took 18668ms. The settings might not be optimal. (flushed=0 and evicted=0, during the time.)
2021-03-04T19:29:32.028090Z 0 [Note] InnoDB: page_cleaner: 1000ms intended loop took 18625ms. The settings might not be optimal. (flushed=0 and evicted=0, during the time.)
2021-03-04T21:30:18.423090Z 0 [Note] InnoDB: page_cleaner: 1000ms intended loop took 18056ms. The settings might not be optimal. (flushed=0 and evicted=0, during the time.)
2021-03-04T22:04:39.033188Z 0 [Note] InnoDB: page_cleaner: 1000ms intended loop took 18253ms. The settings might not be optimal. (flushed=0 and evicted=0, during the time.)
2021-03-04T22:47:28.996411Z 0 [Note] InnoDB: page_cleaner: 1000ms intended loop took 18573ms. The settings might not be optimal. (flushed=0 and evicted=0, during the time.)
2021-03-04T22:48:36.893447Z 0 [Note] InnoDB: page_cleaner: 1000ms intended loop took 18826ms. The settings might not be optimal. (flushed=0 and evicted=0, during the time.)
2021-03-04T23:19:58.307513Z 0 [Note] InnoDB: page_cleaner: 1000ms intended loop took 18820ms. The settings might not be optimal. (flushed=0 and evicted=0, during the time.)
2021-03-04T23:36:57.445100Z 0 [Note] InnoDB: page_cleaner: 1000ms intended loop took 18146ms. The settings might not be optimal. (flushed=0 and evicted=0, during the time.)
2021-03-04T23:55:10.232683Z 0 [Note] InnoDB: page_cleaner: 1000ms intended loop took 18969ms. The settings might not be optimal. (flushed=0 and evicted=0, during the time.)
2021-03-05T01:55:58.132917Z 0 [Note] InnoDB: page_cleaner: 1000ms intended loop took 18720ms. The settings might not be optimal. (flushed=0 and evicted=0, during the time.)
2021-03-05T03:25:33.289358Z 0 [Note] InnoDB: page_cleaner: 1000ms intended loop took 18339ms. The settings might not be optimal. (flushed=0 and evicted=0, during the time.)
2021-03-05T05:18:48.035575Z 0 [Note] InnoDB: page_cleaner: 1000ms intended loop took 18515ms. The settings might not be optimal. (flushed=0 and evicted=0, during the time.)
2021-03-05T05:19:16.614718Z 0 [Note] InnoDB: page_cleaner: 1000ms intended loop took 23497ms. The settings might not be optimal. (flushed=0 and evicted=0, during the time.)
2021-03-05T06:11:08.193065Z 0 [Note] InnoDB: page_cleaner: 1000ms intended loop took 18693ms. The settings might not be optimal. (flushed=0 and evicted=0, during the time.)
2021-03-05T08:11:12.980424Z 0 [Note] InnoDB: page_cleaner: 1000ms intended loop took 18758ms. The settings might not be optimal. (flushed=0 and evicted=0, during the time.)
2021-03-05T09:48:57.870110Z 0 [Note] InnoDB: page_cleaner: 1000ms intended loop took 18827ms. The settings might not be optimal. (flushed=0 and evicted=0, during the time.)
2021-03-05T09:50:24.521866Z 0 [Note] InnoDB: page_cleaner: 1000ms intended loop took 18726ms. The settings might not be optimal. (flushed=0 and evicted=0, during the time.)
2021-03-05T13:35:19.215487Z 0 [Note] InnoDB: page_cleaner: 1000ms intended loop took 18941ms. The settings might not be optimal. (flushed=0 and evicted=0, during the time.)
2021-03-05T16:28:43.840874Z 0 [Note] InnoDB: page_cleaner: 1000ms intended loop took 18701ms. The settings might not be optimal. (flushed=0 and evicted=0, during the time.)
2021-03-05T16:29:57.864707Z 0 [Note] InnoDB: page_cleaner: 1000ms intended loop took 18640ms. The settings might not be optimal. (flushed=0 and evicted=0, during the time.)
2021-03-05T17:01:50.196830Z 0 [Note] InnoDB: page_cleaner: 1000ms intended loop took 18280ms. The settings might not be optimal. (flushed=0 and evicted=0, during the time.)
2021-03-05T17:19:30.998160Z 0 [Note] InnoDB: page_cleaner: 1000ms intended loop took 18408ms. The settings might not be optimal. (flushed=0 and evicted=0, during the time.)
2021-03-05T17:25:16.021943Z 0 [Note] InnoDB: page_cleaner: 1000ms intended loop took 18636ms. The settings might not be optimal. (flushed=0 and evicted=0, during the time.)
2021-03-05T19:26:06.086105Z 0 [Note] InnoDB: page_cleaner: 1000ms intended loop took 18682ms. The settings might not be optimal. (flushed=0 and evicted=0, during the time.)
2021-03-05T21:26:53.098272Z 0 [Note] InnoDB: page_cleaner: 1000ms intended loop took 18699ms. The settings might not be optimal. (flushed=0 and evicted=0, during the time.)
2021-03-05T22:31:28.904499Z 0 [Note] InnoDB: page_cleaner: 1000ms intended loop took 18309ms. The settings might not be optimal. (flushed=0 and evicted=0, during the time.)
2021-03-05T22:32:43.143974Z 0 [Note] InnoDB: page_cleaner: 1000ms intended loop took 18765ms. The settings might not be optimal. (flushed=0 and evicted=0, during the time.)
2021-03-05T23:45:24.894529Z 0 [Note] InnoDB: page_cleaner: 1000ms intended loop took 18035ms. The settings might not be optimal. (flushed=0 and evicted=0, during the time.)
2021-03-05T23:46:35.696904Z 0 [Note] InnoDB: page_cleaner: 1000ms intended loop took 18583ms. The settings might not be optimal. (flushed=0 and evicted=0, during the time.)
2021-03-06T01:23:53.002788Z 0 [Note] InnoDB: page_cleaner: 1000ms intended loop took 18787ms. The settings might not be optimal. (flushed=0 and evicted=0, during the time.)
2021-03-06T01:24:20.816119Z 0 [Note] InnoDB: page_cleaner: 1000ms intended loop took 18803ms. The settings might not be optimal. (flushed=0 and evicted=0, during the time.)
2021-03-06T01:32:02.031344Z 0 [Note] InnoDB: page_cleaner: 1000ms intended loop took 18690ms. The settings might not be optimal. (flushed=0 and evicted=0, during the time.)
2021-03-06T01:33:42.355775Z 0 [Note] InnoDB: page_cleaner: 1000ms intended loop took 18610ms. The settings might not be optimal. (flushed=0 and evicted=0, during the time.)
2021-03-06T01:53:11.570148Z 0 [Note] InnoDB: page_cleaner: 1000ms intended loop took 18053ms. The settings might not be optimal. (flushed=0 and evicted=0, during the time.)
2021-03-06T02:21:22.194792Z 0 [Note] InnoDB: page_cleaner: 1000ms intended loop took 17993ms. The settings might not be optimal. (flushed=0 and evicted=0, during the time.)
2021-03-06T02:41:04.383870Z 0 [Note] InnoDB: page_cleaner: 1000ms intended loop took 18785ms. The settings might not be optimal. (flushed=0 and evicted=0, during the time.)
2021-03-06T04:45:38.913194Z 0 [Note] InnoDB: page_cleaner: 1000ms intended loop took 17997ms. The settings might not be optimal. (flushed=0 and evicted=0, during the time.)
2021-03-06T04:46:46.788025Z 0 [Note] InnoDB: page_cleaner: 1000ms intended loop took 18741ms. The settings might not be optimal. (flushed=0 and evicted=0, during the time.)
2021-03-06T05:18:56.856539Z 0 [Note] InnoDB: page_cleaner: 1000ms intended loop took 18138ms. The settings might not be optimal. (flushed=0 and evicted=0, during the time.)
2021-03-06T05:37:17.334177Z 0 [Note] InnoDB: page_cleaner: 1000ms intended loop took 18870ms. The settings might not be optimal. (flushed=0 and evicted=0, during the time.)
2021-03-06T05:54:24.024963Z 0 [Note] InnoDB: page_cleaner: 1000ms intended loop took 18676ms. The settings might not be optimal. (flushed=0 and evicted=0, during the time.)
2021-03-06T07:55:11.044804Z 0 [Note] InnoDB: page_cleaner: 1000ms intended loop took 18687ms. The settings might not be optimal. (flushed=0 and evicted=0, during the time.)
2021-03-06T09:55:58.151572Z 0 [Note] InnoDB: page_cleaner: 1000ms intended loop took 18810ms. The settings might not be optimal. (flushed=0 and evicted=0, during the time.)
2021-03-06T10:03:56.642521Z 0 [Note] InnoDB: page_cleaner: 1000ms intended loop took 18852ms. The settings might not be optimal. (flushed=0 and evicted=0, during the time.)
2021-03-06T10:18:44.595802Z 0 [Note] InnoDB: page_cleaner: 1000ms intended loop took 18266ms. The settings might not be optimal. (flushed=0 and evicted=0, during the time.)
2021-03-06T10:59:18.990887Z 0 [Note] InnoDB: page_cleaner: 1000ms intended loop took 18145ms. The settings might not be optimal. (flushed=0 and evicted=0, during the time.)
2021-03-06T11:00:26.864891Z 0 [Note] InnoDB: page_cleaner: 1000ms intended loop took 18720ms. The settings might not be optimal. (flushed=0 and evicted=0, during the time.)
2021-03-06T11:31:36.144405Z 0 [Note] InnoDB: page_cleaner: 1000ms intended loop took 18477ms. The settings might not be optimal. (flushed=0 and evicted=0, during the time.)
2021-03-06T11:32:06.730995Z 0 [Note] InnoDB: page_cleaner: 1000ms intended loop took 18919ms. The settings might not be optimal. (flushed=0 and evicted=0, during the time.)
2021-03-06T11:33:33.444262Z 0 [Note] InnoDB: page_cleaner: 1000ms intended loop took 18583ms. The settings might not be optimal. (flushed=0 and evicted=0, during the time.)
2021-03-06T11:52:19.447438Z 0 [Note] InnoDB: page_cleaner: 1000ms intended loop took 18879ms. The settings might not be optimal. (flushed=0 and evicted=0, during the time.)
2021-03-06T11:56:41.460993Z 0 [Note] InnoDB: page_cleaner: 1000ms intended loop took 18083ms. The settings might not be optimal. (flushed=0 and evicted=0, during the time.)
2021-03-06T12:44:49.270494Z 0 [Note] InnoDB: page_cleaner: 1000ms intended loop took 18296ms. The settings might not be optimal. (flushed=0 and evicted=0, during the time.)
2021-03-06T12:46:40.028114Z 0 [Note] InnoDB: page_cleaner: 1000ms intended loop took 18794ms. The settings might not be optimal. (flushed=0 and evicted=0, during the time.)
2021-03-06T13:09:29.868735Z 0 [Note] InnoDB: page_cleaner: 1000ms intended loop took 18721ms. The settings might not be optimal. (flushed=0 and evicted=0, during the time.)
2021-03-06T13:10:43.165046Z 0 [Note] InnoDB: page_cleaner: 1000ms intended loop took 18740ms. The settings might not be optimal. (flushed=0 and evicted=0, during the time.)
2021-03-06T13:18:33.128282Z 0 [Note] InnoDB: page_cleaner: 1000ms intended loop took 18212ms. The settings might not be optimal. (flushed=0 and evicted=0, during the time.)
2021-03-06T13:40:21.721636Z 0 [Note] InnoDB: page_cleaner: 1000ms intended loop took 18239ms. The settings might not be optimal. (flushed=0 and evicted=0, during the time.)
2021-03-06T14:59:58.183480Z 0 [Note] InnoDB: page_cleaner: 1000ms intended loop took 18785ms. The settings might not be optimal. (flushed=0 and evicted=0, during the time.)
2021-03-06T16:18:10.651816Z 0 [Note] InnoDB: page_cleaner: 1000ms intended loop took 18220ms. The settings might not be optimal. (flushed=0 and evicted=0, during the time.)
2021-03-06T18:18:58.047170Z 0 [Note] InnoDB: page_cleaner: 1000ms intended loop took 18700ms. The settings might not be optimal. (flushed=0 and evicted=0, during the time.)
2021-03-06T20:19:45.139766Z 0 [Note] InnoDB: page_cleaner: 1000ms intended loop took 18711ms. The settings might not be optimal. (flushed=0 and evicted=0, during the time.)
2021-03-06T22:56:37.871112Z 0 [Note] InnoDB: page_cleaner: 1000ms intended loop took 23602ms. The settings might not be optimal. (flushed=0 and evicted=0, during the time.)
2021-03-07T00:58:12.003814Z 0 [Note] InnoDB: page_cleaner: 1000ms intended loop took 18721ms. The settings might not be optimal. (flushed=0 and evicted=0, during the time.)
2021-03-07T02:32:21.662489Z 0 [Note] InnoDB: page_cleaner: 1000ms intended loop took 18546ms. The settings might not be optimal. (flushed=0 and evicted=0, during the time.)
2021-03-07T02:33:29.524862Z 0 [Note] InnoDB: page_cleaner: 1000ms intended loop took 18756ms. The settings might not be optimal. (flushed=0 and evicted=0, during the time.)
2021-03-07T03:05:03.273819Z 0 [Note] InnoDB: page_cleaner: 1000ms intended loop took 18624ms. The settings might not be optimal. (flushed=0 and evicted=0, during the time.)
2021-03-07T03:15:33.657289Z 0 [Note] InnoDB: page_cleaner: 1000ms intended loop took 18047ms. The settings might not be optimal. (flushed=0 and evicted=0, during the time.)
2021-03-07T03:31:28.893399Z 0 [Note] InnoDB: page_cleaner: 1000ms intended loop took 18475ms. The settings might not be optimal. (flushed=0 and evicted=0, during the time.)
2021-03-07T05:32:16.178791Z 0 [Note] InnoDB: page_cleaner: 1000ms intended loop took 18748ms. The settings might not be optimal. (flushed=0 and evicted=0, during the time.)
2021-03-07T05:39:02.673323Z 0 [Note] InnoDB: page_cleaner: 1000ms intended loop took 18851ms. The settings might not be optimal. (flushed=0 and evicted=0, during the time.)
2021-03-07T05:44:53.993213Z 0 [Note] InnoDB: page_cleaner: 1000ms intended loop took 18370ms. The settings might not be optimal. (flushed=0 and evicted=0, during the time.)
2021-03-07T05:59:39.742273Z 0 [Note] InnoDB: page_cleaner: 1000ms intended loop took 18470ms. The settings might not be optimal. (flushed=0 and evicted=0, during the time.)
2021-03-07T06:09:31.677423Z 0 [Note] InnoDB: page_cleaner: 1000ms intended loop took 18740ms. The settings might not be optimal. (flushed=0 and evicted=0, during the time.)
2021-03-07T06:10:30.171936Z 0 [Note] InnoDB: page_cleaner: 1000ms intended loop took 18117ms. The settings might not be optimal. (flushed=0 and evicted=0, during the time.)
2021-03-07T06:25:32.771130Z 0 [Note] InnoDB: page_cleaner: 1000ms intended loop took 18486ms. The settings might not be optimal. (flushed=0 and evicted=0, during the time.)
2021-03-07T06:40:33.274785Z 0 [Note] InnoDB: page_cleaner: 1000ms intended loop took 17993ms. The settings might not be optimal. (flushed=0 and evicted=0, during the time.)
2021-03-07T06:55:34.474927Z 0 [Note] InnoDB: page_cleaner: 1000ms intended loop took 18206ms. The settings might not be optimal. (flushed=0 and evicted=0, during the time.)
2021-03-07T07:04:22.093681Z 0 [Note] InnoDB: page_cleaner: 1000ms intended loop took 18135ms. The settings might not be optimal. (flushed=0 and evicted=0, during the time.)
2021-03-07T09:04:30.020119Z 0 [Note] InnoDB: page_cleaner: 1000ms intended loop took 18779ms. The settings might not be optimal. (flushed=0 and evicted=0, during the time.)
2021-03-07T11:04:38.019615Z 0 [Note] InnoDB: page_cleaner: 1000ms intended loop took 18736ms. The settings might not be optimal. (flushed=0 and evicted=0, during the time.)
2021-03-07T14:20:22.258502Z 0 [Note] InnoDB: page_cleaner: 1000ms intended loop took 18742ms. The settings might not be optimal. (flushed=0 and evicted=0, during the time.)
2021-03-07T14:21:35.501148Z 0 [Note] InnoDB: page_cleaner: 1000ms intended loop took 18718ms. The settings might not be optimal. (flushed=0 and evicted=0, during the time.)
2021-03-07T14:41:28.161510Z 0 [Note] InnoDB: page_cleaner: 1000ms intended loop took 18738ms. The settings might not be optimal. (flushed=0 and evicted=0, during the time.)
2021-03-07T15:01:13.893140Z 0 [Note] InnoDB: page_cleaner: 1000ms intended loop took 18025ms. The settings might not be optimal. (flushed=0 and evicted=0, during the time.)
2021-03-07T15:19:43.154700Z 0 [Note] InnoDB: page_cleaner: 1000ms intended loop took 18406ms. The settings might not be optimal. (flushed=0 and evicted=0, during the time.)
2021-03-07T15:37:31.106452Z 0 [Note] InnoDB: page_cleaner: 1000ms intended loop took 18671ms. The settings might not be optimal. (flushed=0 and evicted=0, during the time.)
2021-03-07T16:38:18.018749Z 0 [Note] InnoDB: page_cleaner: 1000ms intended loop took 18696ms. The settings might not be optimal. (flushed=0 and evicted=0, during the time.)
2021-03-07T16:54:04.819324Z 0 [Note] InnoDB: page_cleaner: 1000ms intended loop took 18462ms. The settings might not be optimal. (flushed=0 and evicted=0, during the time.)
2021-03-07T17:09:52.042999Z 0 [Note] InnoDB: page_cleaner: 1000ms intended loop took 18676ms. The settings might not be optimal. (flushed=0 and evicted=0, during the time.)
2021-03-07T18:42:03.454448Z 0 [Note] InnoDB: page_cleaner: 1000ms intended loop took 18023ms. The settings might not be optimal. (flushed=0 and evicted=0, during the time.)
2021-03-07T20:42:51.081884Z 0 [Note] InnoDB: page_cleaner: 1000ms intended loop took 18728ms. The settings might not be optimal. (flushed=0 and evicted=0, during the time.)
2021-03-07T22:43:38.130017Z 0 [Note] InnoDB: page_cleaner: 1000ms intended loop took 18718ms. The settings might not be optimal. (flushed=0 and evicted=0, during the time.)
2021-03-08T00:44:25.144495Z 0 [Note] InnoDB: page_cleaner: 1000ms intended loop took 18743ms. The settings might not be optimal. (flushed=0 and evicted=0, during the time.)
2021-03-08T02:45:12.041537Z 0 [Note] InnoDB: page_cleaner: 1000ms intended loop took 18552ms. The settings might not be optimal. (flushed=0 and evicted=0, during the time.)
2021-03-08T04:45:59.145087Z 0 [Note] InnoDB: page_cleaner: 1000ms intended loop took 18819ms. The settings might not be optimal. (flushed=0 and evicted=0, during the time.)
2021-03-08T05:13:55.550432Z 0 [Note] InnoDB: page_cleaner: 1000ms intended loop took 18866ms. The settings might not be optimal. (flushed=0 and evicted=0, during the time.)
2021-03-08T05:15:56.589245Z 0 [Note] InnoDB: page_cleaner: 1000ms intended loop took 18735ms. The settings might not be optimal. (flushed=0 and evicted=0, during the time.)
2021-03-08T05:33:40.340183Z 0 [Note] InnoDB: page_cleaner: 1000ms intended loop took 18582ms. The settings might not be optimal. (flushed=0 and evicted=0, during the time.)
2021-03-08T05:50:44.182140Z 0 [Note] InnoDB: page_cleaner: 1000ms intended loop took 18690ms. The settings might not be optimal. (flushed=0 and evicted=0, during the time.)
2021-03-08T06:16:03.173500Z 0 [Note] InnoDB: page_cleaner: 1000ms intended loop took 18689ms. The settings might not be optimal. (flushed=0 and evicted=0, during the time.)
2021-03-08T07:01:18.353945Z 0 [Note] InnoDB: page_cleaner: 1000ms intended loop took 18358ms. The settings might not be optimal. (flushed=0 and evicted=0, during the time.)
2021-03-08T07:05:25.328784Z 0 [Note] InnoDB: page_cleaner: 1000ms intended loop took 18179ms. The settings might not be optimal. (flushed=0 and evicted=0, during the time.)
2021-03-08T07:10:37.385752Z 0 [Note] InnoDB: page_cleaner: 1000ms intended loop took 18525ms. The settings might not be optimal. (flushed=0 and evicted=0, during the time.)
